2016-06-23 11:29:27,118 - RuntimeInstance initializing.
2016-06-23 11:29:27,118 - Default Properties File: org\apache\velocity\runtime\defaults\velocity.properties
2016-06-23 11:29:27,118 - Trying to use logger class org.apache.velocity.runtime.log.SimpleLog4JLogSystem
2016-06-23 11:29:27,118 - Using logger class org.apache.velocity.runtime.log.SimpleLog4JLogSystem
2016-06-23 11:29:27,131 - Default ResourceManager initializing. (class org.apache.velocity.runtime.resource.ResourceManagerImpl)
2016-06-23 11:29:27,138 - Resource Loader Instantiated: org.apache.velocity.runtime.resource.loader.ClasspathResourceLoader
2016-06-23 11:29:27,139 - ClasspathResourceLoader : initialization starting.
2016-06-23 11:29:27,139 - ClasspathResourceLoader : initialization complete.
2016-06-23 11:29:27,143 - ResourceCache : initialized. (class org.apache.velocity.runtime.resource.ResourceCacheImpl)
2016-06-23 11:29:27,143 - Default ResourceManager initialization complete.
2016-06-23 11:29:27,147 - Loaded System Directive: org.apache.velocity.runtime.directive.Literal
2016-06-23 11:29:27,151 - Loaded System Directive: org.apache.velocity.runtime.directive.Macro
2016-06-23 11:29:27,157 - Loaded System Directive: org.apache.velocity.runtime.directive.Parse
2016-06-23 11:29:27,161 - Loaded System Directive: org.apache.velocity.runtime.directive.Include
2016-06-23 11:29:27,163 - Loaded System Directive: org.apache.velocity.runtime.directive.Foreach
2016-06-23 11:29:27,217 - Created: 20 parsers.
2016-06-23 11:29:27,238 - Velocimacro : initialization starting.
2016-06-23 11:29:27,238 - Velocimacro : adding VMs from VM library template : VM_global_library.vm
2016-06-23 11:29:27,260 - ResourceManager : unable to find resource 'VM_global_library.vm' in any resource loader.
2016-06-23 11:29:27,261 - Velocimacro : error using  VM library template VM_global_library.vm : org.apache.velocity.exception.ResourceNotFoundException: Unable to find resource 'VM_global_library.vm'
2016-06-23 11:29:27,261 - Velocimacro :  VM library template macro registration complete.
2016-06-23 11:29:27,261 - Velocimacro : allowInline = true : VMs can be defined inline in templates
2016-06-23 11:29:27,261 - Velocimacro : allowInlineToOverride = false : VMs defined inline may NOT replace previous VM definitions
2016-06-23 11:29:27,261 - Velocimacro : allowInlineLocal = false : VMs defined inline will be  global in scope if allowed.
2016-06-23 11:29:27,261 - Velocimacro : messages on  : VM system will output logging messages
2016-06-23 11:29:27,261 - Velocimacro : autoload off  : VM system will not automatically reload global library macros
2016-06-23 11:29:27,261 - Velocimacro : initialization complete.
2016-06-23 11:29:27,261 - Velocity successfully started.
2016-06-23 11:32:52,543 - SimpleLog4JLogSystem initialized using logfile 'velocity.log'
2016-06-23 11:32:52,543 - ************************************************************** 
2016-06-23 11:32:52,543 - Starting Jakarta Velocity v1.4
2016-06-23 11:32:52,543 - RuntimeInstance initializing.
2016-06-23 11:32:52,543 - Default Properties File: org\apache\velocity\runtime\defaults\velocity.properties
2016-06-23 11:32:52,543 - Trying to use logger class org.apache.velocity.runtime.log.SimpleLog4JLogSystem
2016-06-23 11:32:52,543 - Using logger class org.apache.velocity.runtime.log.SimpleLog4JLogSystem
2016-06-23 11:32:52,550 - Default ResourceManager initializing. (class org.apache.velocity.runtime.resource.ResourceManagerImpl)
2016-06-23 11:32:52,557 - Resource Loader Instantiated: org.apache.velocity.runtime.resource.loader.ClasspathResourceLoader
2016-06-23 11:32:52,557 - ClasspathResourceLoader : initialization starting.
2016-06-23 11:32:52,557 - ClasspathResourceLoader : initialization complete.
2016-06-23 11:32:52,561 - ResourceCache : initialized. (class org.apache.velocity.runtime.resource.ResourceCacheImpl)
2016-06-23 11:32:52,562 - Default ResourceManager initialization complete.
2016-06-23 11:32:52,565 - Loaded System Directive: org.apache.velocity.runtime.directive.Literal
2016-06-23 11:32:52,570 - Loaded System Directive: org.apache.velocity.runtime.directive.Macro
2016-06-23 11:32:52,577 - Loaded System Directive: org.apache.velocity.runtime.directive.Parse
2016-06-23 11:32:52,582 - Loaded System Directive: org.apache.velocity.runtime.directive.Include
2016-06-23 11:32:52,585 - Loaded System Directive: org.apache.velocity.runtime.directive.Foreach
2016-06-23 11:32:52,647 - Created: 20 parsers.
2016-06-23 11:32:52,687 - Velocimacro : initialization starting.
2016-06-23 11:32:52,688 - Velocimacro : adding VMs from VM library template : VM_global_library.vm
2016-06-23 11:32:52,700 - ResourceManager : unable to find resource 'VM_global_library.vm' in any resource loader.
2016-06-23 11:32:52,700 - Velocimacro : error using  VM library template VM_global_library.vm : org.apache.velocity.exception.ResourceNotFoundException: Unable to find resource 'VM_global_library.vm'
2016-06-23 11:32:52,701 - Velocimacro :  VM library template macro registration complete.
2016-06-23 11:32:52,701 - Velocimacro : allowInline = true : VMs can be defined inline in templates
2016-06-23 11:32:52,701 - Velocimacro : allowInlineToOverride = false : VMs defined inline may NOT replace previous VM definitions
2016-06-23 11:32:52,701 - Velocimacro : allowInlineLocal = false : VMs defined inline will be  global in scope if allowed.
2016-06-23 11:32:52,701 - Velocimacro : messages on  : VM system will output logging messages
2016-06-23 11:32:52,701 - Velocimacro : autoload off  : VM system will not automatically reload global library macros
2016-06-23 11:32:52,701 - Velocimacro : initialization complete.
2016-06-23 11:32:52,701 - Velocity successfully started.
2016-06-23 11:35:16,218 - SimpleLog4JLogSystem initialized using logfile 'velocity.log'
2016-06-23 11:35:16,218 - ************************************************************** 
2016-06-23 11:35:16,218 - Starting Jakarta Velocity v1.4
2016-06-23 11:35:16,218 - RuntimeInstance initializing.
2016-06-23 11:35:16,218 - Default Properties File: org\apache\velocity\runtime\defaults\velocity.properties
2016-06-23 11:35:16,219 - Trying to use logger class org.apache.velocity.runtime.log.SimpleLog4JLogSystem
2016-06-23 11:35:16,219 - Using logger class org.apache.velocity.runtime.log.SimpleLog4JLogSystem
2016-06-23 11:35:16,224 - Default ResourceManager initializing. (class org.apache.velocity.runtime.resource.ResourceManagerImpl)
2016-06-23 11:35:16,229 - Resource Loader Instantiated: org.apache.velocity.runtime.resource.loader.ClasspathResourceLoader
2016-06-23 11:35:16,230 - ClasspathResourceLoader : initialization starting.
2016-06-23 11:35:16,230 - ClasspathResourceLoader : initialization complete.
2016-06-23 11:35:16,233 - ResourceCache : initialized. (class org.apache.velocity.runtime.resource.ResourceCacheImpl)
2016-06-23 11:35:16,233 - Default ResourceManager initialization complete.
2016-06-23 11:35:16,236 - Loaded System Directive: org.apache.velocity.runtime.directive.Literal
2016-06-23 11:35:16,239 - Loaded System Directive: org.apache.velocity.runtime.directive.Macro
2016-06-23 11:35:16,244 - Loaded System Directive: org.apache.velocity.runtime.directive.Parse
2016-06-23 11:35:16,247 - Loaded System Directive: org.apache.velocity.runtime.directive.Include
2016-06-23 11:35:16,249 - Loaded System Directive: org.apache.velocity.runtime.directive.Foreach
2016-06-23 11:35:16,304 - Created: 20 parsers.
2016-06-23 11:35:16,325 - Velocimacro : initialization starting.
2016-06-23 11:35:16,325 - Velocimacro : adding VMs from VM library template : VM_global_library.vm
2016-06-23 11:35:16,337 - ResourceManager : unable to find resource 'VM_global_library.vm' in any resource loader.
2016-06-23 11:35:16,338 - Velocimacro : error using  VM library template VM_global_library.vm : org.apache.velocity.exception.ResourceNotFoundException: Unable to find resource 'VM_global_library.vm'
2016-06-23 11:35:16,338 - Velocimacro :  VM library template macro registration complete.
2016-06-23 11:35:16,338 - Velocimacro : allowInline = true : VMs can be defined inline in templates
2016-06-23 11:35:16,338 - Velocimacro : allowInlineToOverride = false : VMs defined inline may NOT replace previous VM definitions
2016-06-23 11:35:16,338 - Velocimacro : allowInlineLocal = false : VMs defined inline will be  global in scope if allowed.
2016-06-23 11:35:16,338 - Velocimacro : messages on  : VM system will output logging messages
2016-06-23 11:35:16,338 - Velocimacro : autoload off  : VM system will not automatically reload global library macros
2016-06-23 11:35:16,338 - Velocimacro : initialization complete.
2016-06-23 11:35:16,338 - Velocity successfully started.
2016-06-23 11:48:38,742 - SimpleLog4JLogSystem initialized using logfile 'velocity.log'
2016-06-23 11:48:38,743 - ************************************************************** 
2016-06-23 11:48:38,743 - Starting Jakarta Velocity v1.4
2016-06-23 11:48:38,743 - RuntimeInstance initializing.
2016-06-23 11:48:38,743 - Default Properties File: org\apache\velocity\runtime\defaults\velocity.properties
2016-06-23 11:48:38,743 - Trying to use logger class org.apache.velocity.runtime.log.SimpleLog4JLogSystem
2016-06-23 11:48:38,743 - Using logger class org.apache.velocity.runtime.log.SimpleLog4JLogSystem
2016-06-23 11:48:38,749 - Default ResourceManager initializing. (class org.apache.velocity.runtime.resource.ResourceManagerImpl)
2016-06-23 11:48:38,754 - Resource Loader Instantiated: org.apache.velocity.runtime.resource.loader.ClasspathResourceLoader
2016-06-23 11:48:38,755 - ClasspathResourceLoader : initialization starting.
2016-06-23 11:48:38,755 - ClasspathResourceLoader : initialization complete.
2016-06-23 11:48:38,758 - ResourceCache : initialized. (class org.apache.velocity.runtime.resource.ResourceCacheImpl)
2016-06-23 11:48:38,758 - Default ResourceManager initialization complete.
2016-06-23 11:48:38,761 - Loaded System Directive: org.apache.velocity.runtime.directive.Literal
2016-06-23 11:48:38,765 - Loaded System Directive: org.apache.velocity.runtime.directive.Macro
2016-06-23 11:48:38,771 - Loaded System Directive: org.apache.velocity.runtime.directive.Parse
2016-06-23 11:48:38,774 - Loaded System Directive: org.apache.velocity.runtime.directive.Include
2016-06-23 11:48:38,776 - Loaded System Directive: org.apache.velocity.runtime.directive.Foreach
2016-06-23 11:48:38,821 - Created: 20 parsers.
2016-06-23 11:48:38,838 - Velocimacro : initialization starting.
2016-06-23 11:48:38,838 - Velocimacro : adding VMs from VM library template : VM_global_library.vm
2016-06-23 11:48:38,848 - ResourceManager : unable to find resource 'VM_global_library.vm' in any resource loader.
2016-06-23 11:48:38,848 - Velocimacro : error using  VM library template VM_global_library.vm : org.apache.velocity.exception.ResourceNotFoundException: Unable to find resource 'VM_global_library.vm'
2016-06-23 11:48:38,848 - Velocimacro :  VM library template macro registration complete.
2016-06-23 11:48:38,848 - Velocimacro : allowInline = true : VMs can be defined inline in templates
2016-06-23 11:48:38,848 - Velocimacro : allowInlineToOverride = false : VMs defined inline may NOT replace previous VM definitions
2016-06-23 11:48:38,848 - Velocimacro : allowInlineLocal = false : VMs defined inline will be  global in scope if allowed.
2016-06-23 11:48:38,848 - Velocimacro : messages on  : VM system will output logging messages
2016-06-23 11:48:38,848 - Velocimacro : autoload off  : VM system will not automatically reload global library macros
2016-06-23 11:48:38,848 - Velocimacro : initialization complete.
2016-06-23 11:48:38,848 - Velocity successfully started.
2016-06-23 11:53:42,538 - SimpleLog4JLogSystem initialized using logfile 'velocity.log'
2016-06-23 11:53:42,539 - ************************************************************** 
2016-06-23 11:53:42,539 - Starting Jakarta Velocity v1.4
2016-06-23 11:53:42,539 - RuntimeInstance initializing.
2016-06-23 11:53:42,539 - Default Properties File: org\apache\velocity\runtime\defaults\velocity.properties
2016-06-23 11:53:42,539 - Trying to use logger class org.apache.velocity.runtime.log.SimpleLog4JLogSystem
2016-06-23 11:53:42,539 - Using logger class org.apache.velocity.runtime.log.SimpleLog4JLogSystem
2016-06-23 11:53:42,544 - Default ResourceManager initializing. (class org.apache.velocity.runtime.resource.ResourceManagerImpl)
2016-06-23 11:53:42,549 - Resource Loader Instantiated: org.apache.velocity.runtime.resource.loader.ClasspathResourceLoader
2016-06-23 11:53:42,549 - ClasspathResourceLoader : initialization starting.
2016-06-23 11:53:42,549 - ClasspathResourceLoader : initialization complete.
2016-06-23 11:53:42,553 - ResourceCache : initialized. (class org.apache.velocity.runtime.resource.ResourceCacheImpl)
2016-06-23 11:53:42,553 - Default ResourceManager initialization complete.
2016-06-23 11:53:42,556 - Loaded System Directive: org.apache.velocity.runtime.directive.Literal
2016-06-23 11:53:42,560 - Loaded System Directive: org.apache.velocity.runtime.directive.Macro
2016-06-23 11:53:42,565 - Loaded System Directive: org.apache.velocity.runtime.directive.Parse
2016-06-23 11:53:42,569 - Loaded System Directive: org.apache.velocity.runtime.directive.Include
2016-06-23 11:53:42,571 - Loaded System Directive: org.apache.velocity.runtime.directive.Foreach
2016-06-23 11:53:42,626 - Created: 20 parsers.
2016-06-23 11:53:42,644 - Velocimacro : initialization starting.
2016-06-23 11:53:42,644 - Velocimacro : adding VMs from VM library template : VM_global_library.vm
2016-06-23 11:53:42,654 - ResourceManager : unable to find resource 'VM_global_library.vm' in any resource loader.
2016-06-23 11:53:42,654 - Velocimacro : error using  VM library template VM_global_library.vm : org.apache.velocity.exception.ResourceNotFoundException: Unable to find resource 'VM_global_library.vm'
2016-06-23 11:53:42,654 - Velocimacro :  VM library template macro registration complete.
2016-06-23 11:53:42,654 - Velocimacro : allowInline = true : VMs can be defined inline in templates
2016-06-23 11:53:42,654 - Velocimacro : allowInlineToOverride = false : VMs defined inline may NOT replace previous VM definitions
2016-06-23 11:53:42,654 - Velocimacro : allowInlineLocal = false : VMs defined inline will be  global in scope if allowed.
2016-06-23 11:53:42,654 - Velocimacro : messages on  : VM system will output logging messages
2016-06-23 11:53:42,655 - Velocimacro : autoload off  : VM system will not automatically reload global library macros
2016-06-23 11:53:42,655 - Velocimacro : initialization complete.
2016-06-23 11:53:42,655 - Velocity successfully started.
2016-06-23 11:55:55,582 - SimpleLog4JLogSystem initialized using logfile 'velocity.log'
2016-06-23 11:55:55,582 - ************************************************************** 
2016-06-23 11:55:55,582 - Starting Jakarta Velocity v1.4
2016-06-23 11:55:55,582 - RuntimeInstance initializing.
2016-06-23 11:55:55,582 - Default Properties File: org\apache\velocity\runtime\defaults\velocity.properties
2016-06-23 11:55:55,582 - Trying to use logger class org.apache.velocity.runtime.log.SimpleLog4JLogSystem
2016-06-23 11:55:55,582 - Using logger class org.apache.velocity.runtime.log.SimpleLog4JLogSystem
2016-06-23 11:55:55,588 - Default ResourceManager initializing. (class org.apache.velocity.runtime.resource.ResourceManagerImpl)
2016-06-23 11:55:55,592 - Resource Loader Instantiated: org.apache.velocity.runtime.resource.loader.ClasspathResourceLoader
2016-06-23 11:55:55,593 - ClasspathResourceLoader : initialization starting.
2016-06-23 11:55:55,593 - ClasspathResourceLoader : initialization complete.
2016-06-23 11:55:55,596 - ResourceCache : initialized. (class org.apache.velocity.runtime.resource.ResourceCacheImpl)
2016-06-23 11:55:55,596 - Default ResourceManager initialization complete.
2016-06-23 11:55:55,599 - Loaded System Directive: org.apache.velocity.runtime.directive.Literal
2016-06-23 11:55:55,602 - Loaded System Directive: org.apache.velocity.runtime.directive.Macro
2016-06-23 11:55:55,607 - Loaded System Directive: org.apache.velocity.runtime.directive.Parse
2016-06-23 11:55:55,611 - Loaded System Directive: org.apache.velocity.runtime.directive.Include
2016-06-23 11:55:55,613 - Loaded System Directive: org.apache.velocity.runtime.directive.Foreach
2016-06-23 11:55:55,662 - Created: 20 parsers.
2016-06-23 11:55:55,688 - Velocimacro : initialization starting.
2016-06-23 11:55:55,688 - Velocimacro : adding VMs from VM library template : VM_global_library.vm
2016-06-23 11:55:55,698 - ResourceManager : unable to find resource 'VM_global_library.vm' in any resource loader.
2016-06-23 11:55:55,698 - Velocimacro : error using  VM library template VM_global_library.vm : org.apache.velocity.exception.ResourceNotFoundException: Unable to find resource 'VM_global_library.vm'
2016-06-23 11:55:55,698 - Velocimacro :  VM library template macro registration complete.
2016-06-23 11:55:55,698 - Velocimacro : allowInline = true : VMs can be defined inline in templates
2016-06-23 11:55:55,699 - Velocimacro : allowInlineToOverride = false : VMs defined inline may NOT replace previous VM definitions
2016-06-23 11:55:55,699 - Velocimacro : allowInlineLocal = false : VMs defined inline will be  global in scope if allowed.
2016-06-23 11:55:55,699 - Velocimacro : messages on  : VM system will output logging messages
2016-06-23 11:55:55,699 - Velocimacro : autoload off  : VM system will not automatically reload global library macros
2016-06-23 11:55:55,699 - Velocimacro : initialization complete.
2016-06-23 11:55:55,699 - Velocity successfully started.
2016-06-23 12:40:34,253 - SimpleLog4JLogSystem initialized using logfile 'velocity.log'
2016-06-23 12:40:34,253 - ************************************************************** 
2016-06-23 12:40:34,253 - Starting Jakarta Velocity v1.4
2016-06-23 12:40:34,253 - RuntimeInstance initializing.
2016-06-23 12:40:34,253 - Default Properties File: org\apache\velocity\runtime\defaults\velocity.properties
2016-06-23 12:40:34,253 - Trying to use logger class org.apache.velocity.runtime.log.SimpleLog4JLogSystem
2016-06-23 12:40:34,253 - Using logger class org.apache.velocity.runtime.log.SimpleLog4JLogSystem
2016-06-23 12:40:34,258 - Default ResourceManager initializing. (class org.apache.velocity.runtime.resource.ResourceManagerImpl)
2016-06-23 12:40:34,263 - Resource Loader Instantiated: org.apache.velocity.runtime.resource.loader.ClasspathResourceLoader
2016-06-23 12:40:34,263 - ClasspathResourceLoader : initialization starting.
2016-06-23 12:40:34,263 - ClasspathResourceLoader : initialization complete.
2016-06-23 12:40:34,266 - ResourceCache : initialized. (class org.apache.velocity.runtime.resource.ResourceCacheImpl)
2016-06-23 12:40:34,266 - Default ResourceManager initialization complete.
2016-06-23 12:40:34,270 - Loaded System Directive: org.apache.velocity.runtime.directive.Literal
2016-06-23 12:40:34,273 - Loaded System Directive: org.apache.velocity.runtime.directive.Macro
2016-06-23 12:40:34,277 - Loaded System Directive: org.apache.velocity.runtime.directive.Parse
2016-06-23 12:40:34,281 - Loaded System Directive: org.apache.velocity.runtime.directive.Include
2016-06-23 12:40:34,283 - Loaded System Directive: org.apache.velocity.runtime.directive.Foreach
2016-06-23 12:40:34,327 - Created: 20 parsers.
2016-06-23 12:40:34,361 - Velocimacro : initialization starting.
2016-06-23 12:40:34,361 - Velocimacro : adding VMs from VM library template : VM_global_library.vm
2016-06-23 12:40:34,371 - ResourceManager : unable to find resource 'VM_global_library.vm' in any resource loader.
2016-06-23 12:40:34,371 - Velocimacro : error using  VM library template VM_global_library.vm : org.apache.velocity.exception.ResourceNotFoundException: Unable to find resource 'VM_global_library.vm'
2016-06-23 12:40:34,371 - Velocimacro :  VM library template macro registration complete.
2016-06-23 12:40:34,371 - Velocimacro : allowInline = true : VMs can be defined inline in templates
2016-06-23 12:40:34,372 - Velocimacro : allowInlineToOverride = false : VMs defined inline may NOT replace previous VM definitions
2016-06-23 12:40:34,372 - Velocimacro : allowInlineLocal = false : VMs defined inline will be  global in scope if allowed.
2016-06-23 12:40:34,372 - Velocimacro : messages on  : VM system will output logging messages
2016-06-23 12:40:34,372 - Velocimacro : autoload off  : VM system will not automatically reload global library macros
2016-06-23 12:40:34,372 - Velocimacro : initialization complete.
2016-06-23 12:40:34,372 - Velocity successfully started.
2016-06-23 12:43:33,835 - SimpleLog4JLogSystem initialized using logfile 'velocity.log'
2016-06-23 12:43:33,836 - ************************************************************** 
2016-06-23 12:43:33,836 - Starting Jakarta Velocity v1.4
2016-06-23 12:43:33,836 - RuntimeInstance initializing.
2016-06-23 12:43:33,836 - Default Properties File: org\apache\velocity\runtime\defaults\velocity.properties
2016-06-23 12:43:33,836 - Trying to use logger class org.apache.velocity.runtime.log.SimpleLog4JLogSystem
2016-06-23 12:43:33,836 - Using logger class org.apache.velocity.runtime.log.SimpleLog4JLogSystem
2016-06-23 12:43:33,841 - Default ResourceManager initializing. (class org.apache.velocity.runtime.resource.ResourceManagerImpl)
2016-06-23 12:43:33,846 - Resource Loader Instantiated: org.apache.velocity.runtime.resource.loader.ClasspathResourceLoader
2016-06-23 12:43:33,846 - ClasspathResourceLoader : initialization starting.
2016-06-23 12:43:33,846 - ClasspathResourceLoader : initialization complete.
2016-06-23 12:43:33,849 - ResourceCache : initialized. (class org.apache.velocity.runtime.resource.ResourceCacheImpl)
2016-06-23 12:43:33,849 - Default ResourceManager initialization complete.
2016-06-23 12:43:33,852 - Loaded System Directive: org.apache.velocity.runtime.directive.Literal
2016-06-23 12:43:33,856 - Loaded System Directive: org.apache.velocity.runtime.directive.Macro
2016-06-23 12:43:33,861 - Loaded System Directive: org.apache.velocity.runtime.directive.Parse
2016-06-23 12:43:33,864 - Loaded System Directive: org.apache.velocity.runtime.directive.Include
2016-06-23 12:43:33,866 - Loaded System Directive: org.apache.velocity.runtime.directive.Foreach
2016-06-23 12:43:33,916 - Created: 20 parsers.
2016-06-23 12:43:33,939 - Velocimacro : initialization starting.
2016-06-23 12:43:33,939 - Velocimacro : adding VMs from VM library template : VM_global_library.vm
2016-06-23 12:43:33,949 - ResourceManager : unable to find resource 'VM_global_library.vm' in any resource loader.
2016-06-23 12:43:33,949 - Velocimacro : error using  VM library template VM_global_library.vm : org.apache.velocity.exception.ResourceNotFoundException: Unable to find resource 'VM_global_library.vm'
2016-06-23 12:43:33,949 - Velocimacro :  VM library template macro registration complete.
2016-06-23 12:43:33,949 - Velocimacro : allowInline = true : VMs can be defined inline in templates
2016-06-23 12:43:33,949 - Velocimacro : allowInlineToOverride = false : VMs defined inline may NOT replace previous VM definitions
2016-06-23 12:43:33,949 - Velocimacro : allowInlineLocal = false : VMs defined inline will be  global in scope if allowed.
2016-06-23 12:43:33,949 - Velocimacro : messages on  : VM system will output logging messages
2016-06-23 12:43:33,950 - Velocimacro : autoload off  : VM system will not automatically reload global library macros
2016-06-23 12:43:33,950 - Velocimacro : initialization complete.
2016-06-23 12:43:33,950 - Velocity successfully started.
2016-06-23 12:45:06,416 - SimpleLog4JLogSystem initialized using logfile 'velocity.log'
2016-06-23 12:45:06,417 - ************************************************************** 
2016-06-23 12:45:06,417 - Starting Jakarta Velocity v1.4
2016-06-23 12:45:06,417 - RuntimeInstance initializing.
2016-06-23 12:45:06,417 - Default Properties File: org\apache\velocity\runtime\defaults\velocity.properties
2016-06-23 12:45:06,417 - Trying to use logger class org.apache.velocity.runtime.log.SimpleLog4JLogSystem
2016-06-23 12:45:06,417 - Using logger class org.apache.velocity.runtime.log.SimpleLog4JLogSystem
2016-06-23 12:45:06,422 - Default ResourceManager initializing. (class org.apache.velocity.runtime.resource.ResourceManagerImpl)
2016-06-23 12:45:06,427 - Resource Loader Instantiated: org.apache.velocity.runtime.resource.loader.ClasspathResourceLoader
2016-06-23 12:45:06,427 - ClasspathResourceLoader : initialization starting.
2016-06-23 12:45:06,427 - ClasspathResourceLoader : initialization complete.
2016-06-23 12:45:06,430 - ResourceCache : initialized. (class org.apache.velocity.runtime.resource.ResourceCacheImpl)
2016-06-23 12:45:06,430 - Default ResourceManager initialization complete.
2016-06-23 12:45:06,433 - Loaded System Directive: org.apache.velocity.runtime.directive.Literal
2016-06-23 12:45:06,436 - Loaded System Directive: org.apache.velocity.runtime.directive.Macro
2016-06-23 12:45:06,441 - Loaded System Directive: org.apache.velocity.runtime.directive.Parse
2016-06-23 12:45:06,444 - Loaded System Directive: org.apache.velocity.runtime.directive.Include
2016-06-23 12:45:06,446 - Loaded System Directive: org.apache.velocity.runtime.directive.Foreach
2016-06-23 12:45:06,493 - Created: 20 parsers.
2016-06-23 12:45:06,520 - Velocimacro : initialization starting.
2016-06-23 12:45:06,521 - Velocimacro : adding VMs from VM library template : VM_global_library.vm
2016-06-23 12:45:06,534 - ResourceManager : unable to find resource 'VM_global_library.vm' in any resource loader.
2016-06-23 12:45:06,535 - Velocimacro : error using  VM library template VM_global_library.vm : org.apache.velocity.exception.ResourceNotFoundException: Unable to find resource 'VM_global_library.vm'
2016-06-23 12:45:06,535 - Velocimacro :  VM library template macro registration complete.
2016-06-23 12:45:06,535 - Velocimacro : allowInline = true : VMs can be defined inline in templates
2016-06-23 12:45:06,535 - Velocimacro : allowInlineToOverride = false : VMs defined inline may NOT replace previous VM definitions
2016-06-23 12:45:06,535 - Velocimacro : allowInlineLocal = false : VMs defined inline will be  global in scope if allowed.
2016-06-23 12:45:06,535 - Velocimacro : messages on  : VM system will output logging messages
2016-06-23 12:45:06,535 - Velocimacro : autoload off  : VM system will not automatically reload global library macros
2016-06-23 12:45:06,535 - Velocimacro : initialization complete.
2016-06-23 12:45:06,535 - Velocity successfully started.
2016-06-23 12:49:50,932 - SimpleLog4JLogSystem initialized using logfile 'velocity.log'
2016-06-23 12:49:50,932 - ************************************************************** 
2016-06-23 12:49:50,932 - Starting Jakarta Velocity v1.4
2016-06-23 12:49:50,932 - RuntimeInstance initializing.
2016-06-23 12:49:50,932 - Default Properties File: org\apache\velocity\runtime\defaults\velocity.properties
2016-06-23 12:49:50,932 - Trying to use logger class org.apache.velocity.runtime.log.SimpleLog4JLogSystem
2016-06-23 12:49:50,932 - Using logger class org.apache.velocity.runtime.log.SimpleLog4JLogSystem
2016-06-23 12:49:50,942 - Default ResourceManager initializing. (class org.apache.velocity.runtime.resource.ResourceManagerImpl)
2016-06-23 12:49:50,947 - Resource Loader Instantiated: org.apache.velocity.runtime.resource.loader.ClasspathResourceLoader
2016-06-23 12:49:50,947 - ClasspathResourceLoader : initialization starting.
2016-06-23 12:49:50,947 - ClasspathResourceLoader : initialization complete.
2016-06-23 12:49:50,950 - ResourceCache : initialized. (class org.apache.velocity.runtime.resource.ResourceCacheImpl)
2016-06-23 12:49:50,950 - Default ResourceManager initialization complete.
2016-06-23 12:49:50,953 - Loaded System Directive: org.apache.velocity.runtime.directive.Literal
2016-06-23 12:49:50,956 - Loaded System Directive: org.apache.velocity.runtime.directive.Macro
2016-06-23 12:49:50,961 - Loaded System Directive: org.apache.velocity.runtime.directive.Parse
2016-06-23 12:49:50,964 - Loaded System Directive: org.apache.velocity.runtime.directive.Include
2016-06-23 12:49:50,966 - Loaded System Directive: org.apache.velocity.runtime.directive.Foreach
2016-06-23 12:49:51,014 - Created: 20 parsers.
2016-06-23 12:49:51,031 - Velocimacro : initialization starting.
2016-06-23 12:49:51,031 - Velocimacro : adding VMs from VM library template : VM_global_library.vm
2016-06-23 12:49:51,040 - ResourceManager : unable to find resource 'VM_global_library.vm' in any resource loader.
2016-06-23 12:49:51,040 - Velocimacro : error using  VM library template VM_global_library.vm : org.apache.velocity.exception.ResourceNotFoundException: Unable to find resource 'VM_global_library.vm'
2016-06-23 12:49:51,040 - Velocimacro :  VM library template macro registration complete.
2016-06-23 12:49:51,040 - Velocimacro : allowInline = true : VMs can be defined inline in templates
2016-06-23 12:49:51,040 - Velocimacro : allowInlineToOverride = false : VMs defined inline may NOT replace previous VM definitions
2016-06-23 12:49:51,040 - Velocimacro : allowInlineLocal = false : VMs defined inline will be  global in scope if allowed.
2016-06-23 12:49:51,040 - Velocimacro : messages on  : VM system will output logging messages
2016-06-23 12:49:51,040 - Velocimacro : autoload off  : VM system will not automatically reload global library macros
2016-06-23 12:49:51,040 - Velocimacro : initialization complete.
2016-06-23 12:49:51,040 - Velocity successfully started.
2016-06-23 12:51:13,615 - SimpleLog4JLogSystem initialized using logfile 'velocity.log'
2016-06-23 12:51:13,615 - ************************************************************** 
2016-06-23 12:51:13,615 - Starting Jakarta Velocity v1.4
2016-06-23 12:51:13,615 - RuntimeInstance initializing.
2016-06-23 12:51:13,615 - Default Properties File: org\apache\velocity\runtime\defaults\velocity.properties
2016-06-23 12:51:13,615 - Trying to use logger class org.apache.velocity.runtime.log.SimpleLog4JLogSystem
2016-06-23 12:51:13,615 - Using logger class org.apache.velocity.runtime.log.SimpleLog4JLogSystem
2016-06-23 12:51:13,622 - Default ResourceManager initializing. (class org.apache.velocity.runtime.resource.ResourceManagerImpl)
2016-06-23 12:51:13,628 - Resource Loader Instantiated: org.apache.velocity.runtime.resource.loader.ClasspathResourceLoader
2016-06-23 12:51:13,628 - ClasspathResourceLoader : initialization starting.
2016-06-23 12:51:13,628 - ClasspathResourceLoader : initialization complete.
2016-06-23 12:51:13,633 - ResourceCache : initialized. (class org.apache.velocity.runtime.resource.ResourceCacheImpl)
2016-06-23 12:51:13,633 - Default ResourceManager initialization complete.
2016-06-23 12:51:13,637 - Loaded System Directive: org.apache.velocity.runtime.directive.Literal
2016-06-23 12:51:13,641 - Loaded System Directive: org.apache.velocity.runtime.directive.Macro
2016-06-23 12:51:13,647 - Loaded System Directive: org.apache.velocity.runtime.directive.Parse
2016-06-23 12:51:13,653 - Loaded System Directive: org.apache.velocity.runtime.directive.Include
2016-06-23 12:51:13,655 - Loaded System Directive: org.apache.velocity.runtime.directive.Foreach
2016-06-23 12:51:13,713 - Created: 20 parsers.
2016-06-23 12:51:13,735 - Velocimacro : initialization starting.
2016-06-23 12:51:13,735 - Velocimacro : adding VMs from VM library template : VM_global_library.vm
2016-06-23 12:51:13,747 - ResourceManager : unable to find resource 'VM_global_library.vm' in any resource loader.
2016-06-23 12:51:13,747 - Velocimacro : error using  VM library template VM_global_library.vm : org.apache.velocity.exception.ResourceNotFoundException: Unable to find resource 'VM_global_library.vm'
2016-06-23 12:51:13,747 - Velocimacro :  VM library template macro registration complete.
2016-06-23 12:51:13,748 - Velocimacro : allowInline = true : VMs can be defined inline in templates
2016-06-23 12:51:13,748 - Velocimacro : allowInlineToOverride = false : VMs defined inline may NOT replace previous VM definitions
2016-06-23 12:51:13,748 - Velocimacro : allowInlineLocal = false : VMs defined inline will be  global in scope if allowed.
2016-06-23 12:51:13,748 - Velocimacro : messages on  : VM system will output logging messages
2016-06-23 12:51:13,748 - Velocimacro : autoload off  : VM system will not automatically reload global library macros
2016-06-23 12:51:13,748 - Velocimacro : initialization complete.
2016-06-23 12:51:13,748 - Velocity successfully started.
2016-06-23 12:52:58,844 - SimpleLog4JLogSystem initialized using logfile 'velocity.log'
2016-06-23 12:52:58,844 - ************************************************************** 
2016-06-23 12:52:58,845 - Starting Jakarta Velocity v1.4
2016-06-23 12:52:58,845 - RuntimeInstance initializing.
2016-06-23 12:52:58,845 - Default Properties File: org\apache\velocity\runtime\defaults\velocity.properties
2016-06-23 12:52:58,845 - Trying to use logger class org.apache.velocity.runtime.log.SimpleLog4JLogSystem
2016-06-23 12:52:58,845 - Using logger class org.apache.velocity.runtime.log.SimpleLog4JLogSystem
2016-06-23 12:52:58,854 - Default ResourceManager initializing. (class org.apache.velocity.runtime.resource.ResourceManagerImpl)
2016-06-23 12:52:58,862 - Resource Loader Instantiated: org.apache.velocity.runtime.resource.loader.ClasspathResourceLoader
2016-06-23 12:52:58,862 - ClasspathResourceLoader : initialization starting.
2016-06-23 12:52:58,863 - ClasspathResourceLoader : initialization complete.
2016-06-23 12:52:58,868 - ResourceCache : initialized. (class org.apache.velocity.runtime.resource.ResourceCacheImpl)
2016-06-23 12:52:58,868 - Default ResourceManager initialization complete.
2016-06-23 12:52:58,891 - Loaded System Directive: org.apache.velocity.runtime.directive.Literal
2016-06-23 12:52:58,896 - Loaded System Directive: org.apache.velocity.runtime.directive.Macro
2016-06-23 12:52:58,907 - Loaded System Directive: org.apache.velocity.runtime.directive.Parse
2016-06-23 12:52:58,912 - Loaded System Directive: org.apache.velocity.runtime.directive.Include
2016-06-23 12:52:58,919 - Loaded System Directive: org.apache.velocity.runtime.directive.Foreach
2016-06-23 12:52:58,991 - Created: 20 parsers.
2016-06-23 12:52:59,026 - Velocimacro : initialization starting.
2016-06-23 12:52:59,026 - Velocimacro : adding VMs from VM library template : VM_global_library.vm
2016-06-23 12:52:59,043 - ResourceManager : unable to find resource 'VM_global_library.vm' in any resource loader.
2016-06-23 12:52:59,044 - Velocimacro : error using  VM library template VM_global_library.vm : org.apache.velocity.exception.ResourceNotFoundException: Unable to find resource 'VM_global_library.vm'
2016-06-23 12:52:59,044 - Velocimacro :  VM library template macro registration complete.
2016-06-23 12:52:59,044 - Velocimacro : allowInline = true : VMs can be defined inline in templates
2016-06-23 12:52:59,044 - Velocimacro : allowInlineToOverride = false : VMs defined inline may NOT replace previous VM definitions
2016-06-23 12:52:59,044 - Velocimacro : allowInlineLocal = false : VMs defined inline will be  global in scope if allowed.
2016-06-23 12:52:59,044 - Velocimacro : messages on  : VM system will output logging messages
2016-06-23 12:52:59,044 - Velocimacro : autoload off  : VM system will not automatically reload global library macros
2016-06-23 12:52:59,044 - Velocimacro : initialization complete.
2016-06-23 12:52:59,044 - Velocity successfully started.
2016-06-23 13:12:18,088 - SimpleLog4JLogSystem initialized using logfile 'velocity.log'
2016-06-23 13:12:18,089 - ************************************************************** 
2016-06-23 13:12:18,089 - Starting Jakarta Velocity v1.4
2016-06-23 13:12:18,089 - RuntimeInstance initializing.
2016-06-23 13:12:18,089 - Default Properties File: org\apache\velocity\runtime\defaults\velocity.properties
2016-06-23 13:12:18,089 - Trying to use logger class org.apache.velocity.runtime.log.SimpleLog4JLogSystem
2016-06-23 13:12:18,089 - Using logger class org.apache.velocity.runtime.log.SimpleLog4JLogSystem
2016-06-23 13:12:18,097 - Default ResourceManager initializing. (class org.apache.velocity.runtime.resource.ResourceManagerImpl)
2016-06-23 13:12:18,105 - Resource Loader Instantiated: org.apache.velocity.runtime.resource.loader.ClasspathResourceLoader
2016-06-23 13:12:18,105 - ClasspathResourceLoader : initialization starting.
2016-06-23 13:12:18,105 - ClasspathResourceLoader : initialization complete.
2016-06-23 13:12:18,110 - ResourceCache : initialized. (class org.apache.velocity.runtime.resource.ResourceCacheImpl)
2016-06-23 13:12:18,110 - Default ResourceManager initialization complete.
2016-06-23 13:12:18,115 - Loaded System Directive: org.apache.velocity.runtime.directive.Literal
2016-06-23 13:12:18,119 - Loaded System Directive: org.apache.velocity.runtime.directive.Macro
2016-06-23 13:12:18,128 - Loaded System Directive: org.apache.velocity.runtime.directive.Parse
2016-06-23 13:12:18,133 - Loaded System Directive: org.apache.velocity.runtime.directive.Include
2016-06-23 13:12:18,136 - Loaded System Directive: org.apache.velocity.runtime.directive.Foreach
2016-06-23 13:12:18,190 - Created: 20 parsers.
2016-06-23 13:12:18,215 - Velocimacro : initialization starting.
2016-06-23 13:12:18,216 - Velocimacro : adding VMs from VM library template : VM_global_library.vm
2016-06-23 13:12:18,231 - ResourceManager : unable to find resource 'VM_global_library.vm' in any resource loader.
2016-06-23 13:12:18,231 - Velocimacro : error using  VM library template VM_global_library.vm : org.apache.velocity.exception.ResourceNotFoundException: Unable to find resource 'VM_global_library.vm'
2016-06-23 13:12:18,231 - Velocimacro :  VM library template macro registration complete.
2016-06-23 13:12:18,232 - Velocimacro : allowInline = true : VMs can be defined inline in templates
2016-06-23 13:12:18,232 - Velocimacro : allowInlineToOverride = false : VMs defined inline may NOT replace previous VM definitions
2016-06-23 13:12:18,232 - Velocimacro : allowInlineLocal = false : VMs defined inline will be  global in scope if allowed.
2016-06-23 13:12:18,232 - Velocimacro : messages on  : VM system will output logging messages
2016-06-23 13:12:18,232 - Velocimacro : autoload off  : VM system will not automatically reload global library macros
2016-06-23 13:12:18,232 - Velocimacro : initialization complete.
2016-06-23 13:12:18,232 - Velocity successfully started.
2016-06-23 13:13:31,503 - SimpleLog4JLogSystem initialized using logfile 'velocity.log'
2016-06-23 13:13:31,503 - ************************************************************** 
2016-06-23 13:13:31,503 - Starting Jakarta Velocity v1.4
2016-06-23 13:13:31,504 - RuntimeInstance initializing.
2016-06-23 13:13:31,504 - Default Properties File: org\apache\velocity\runtime\defaults\velocity.properties
2016-06-23 13:13:31,504 - Trying to use logger class org.apache.velocity.runtime.log.SimpleLog4JLogSystem
2016-06-23 13:13:31,504 - Using logger class org.apache.velocity.runtime.log.SimpleLog4JLogSystem
2016-06-23 13:13:31,510 - Default ResourceManager initializing. (class org.apache.velocity.runtime.resource.ResourceManagerImpl)
2016-06-23 13:13:31,516 - Resource Loader Instantiated: org.apache.velocity.runtime.resource.loader.ClasspathResourceLoader
2016-06-23 13:13:31,517 - ClasspathResourceLoader : initialization starting.
2016-06-23 13:13:31,517 - ClasspathResourceLoader : initialization complete.
2016-06-23 13:13:31,520 - ResourceCache : initialized. (class org.apache.velocity.runtime.resource.ResourceCacheImpl)
2016-06-23 13:13:31,520 - Default ResourceManager initialization complete.
2016-06-23 13:13:31,524 - Loaded System Directive: org.apache.velocity.runtime.directive.Literal
2016-06-23 13:13:31,528 - Loaded System Directive: org.apache.velocity.runtime.directive.Macro
2016-06-23 13:13:31,535 - Loaded System Directive: org.apache.velocity.runtime.directive.Parse
2016-06-23 13:13:31,540 - Loaded System Directive: org.apache.velocity.runtime.directive.Include
2016-06-23 13:13:31,542 - Loaded System Directive: org.apache.velocity.runtime.directive.Foreach
2016-06-23 13:13:31,608 - Created: 20 parsers.
2016-06-23 13:13:31,639 - Velocimacro : initialization starting.
2016-06-23 13:13:31,640 - Velocimacro : adding VMs from VM library template : VM_global_library.vm
2016-06-23 13:13:31,659 - ResourceManager : unable to find resource 'VM_global_library.vm' in any resource loader.
2016-06-23 13:13:31,660 - Velocimacro : error using  VM library template VM_global_library.vm : org.apache.velocity.exception.ResourceNotFoundException: Unable to find resource 'VM_global_library.vm'
2016-06-23 13:13:31,660 - Velocimacro :  VM library template macro registration complete.
2016-06-23 13:13:31,660 - Velocimacro : allowInline = true : VMs can be defined inline in templates
2016-06-23 13:13:31,660 - Velocimacro : allowInlineToOverride = false : VMs defined inline may NOT replace previous VM definitions
2016-06-23 13:13:31,660 - Velocimacro : allowInlineLocal = false : VMs defined inline will be  global in scope if allowed.
2016-06-23 13:13:31,660 - Velocimacro : messages on  : VM system will output logging messages
2016-06-23 13:13:31,660 - Velocimacro : autoload off  : VM system will not automatically reload global library macros
2016-06-23 13:13:31,661 - Velocimacro : initialization complete.
2016-06-23 13:13:31,661 - Velocity successfully started.
2016-06-23 13:14:19,626 - SimpleLog4JLogSystem initialized using logfile 'velocity.log'
2016-06-23 13:14:19,626 - ************************************************************** 
2016-06-23 13:14:19,626 - Starting Jakarta Velocity v1.4
2016-06-23 13:14:19,626 - RuntimeInstance initializing.
2016-06-23 13:14:19,626 - Default Properties File: org\apache\velocity\runtime\defaults\velocity.properties
2016-06-23 13:14:19,626 - Trying to use logger class org.apache.velocity.runtime.log.SimpleLog4JLogSystem
2016-06-23 13:14:19,626 - Using logger class org.apache.velocity.runtime.log.SimpleLog4JLogSystem
2016-06-23 13:14:19,633 - Default ResourceManager initializing. (class org.apache.velocity.runtime.resource.ResourceManagerImpl)
2016-06-23 13:14:19,639 - Resource Loader Instantiated: org.apache.velocity.runtime.resource.loader.ClasspathResourceLoader
2016-06-23 13:14:19,639 - ClasspathResourceLoader : initialization starting.
2016-06-23 13:14:19,639 - ClasspathResourceLoader : initialization complete.
2016-06-23 13:14:19,643 - ResourceCache : initialized. (class org.apache.velocity.runtime.resource.ResourceCacheImpl)
2016-06-23 13:14:19,643 - Default ResourceManager initialization complete.
2016-06-23 13:14:19,647 - Loaded System Directive: org.apache.velocity.runtime.directive.Literal
2016-06-23 13:14:19,651 - Loaded System Directive: org.apache.velocity.runtime.directive.Macro
2016-06-23 13:14:19,656 - Loaded System Directive: org.apache.velocity.runtime.directive.Parse
2016-06-23 13:14:19,660 - Loaded System Directive: org.apache.velocity.runtime.directive.Include
2016-06-23 13:14:19,662 - Loaded System Directive: org.apache.velocity.runtime.directive.Foreach
2016-06-23 13:14:19,737 - Created: 20 parsers.
2016-06-23 13:14:19,763 - Velocimacro : initialization starting.
2016-06-23 13:14:19,763 - Velocimacro : adding VMs from VM library template : VM_global_library.vm
2016-06-23 13:14:19,777 - ResourceManager : unable to find resource 'VM_global_library.vm' in any resource loader.
2016-06-23 13:14:19,777 - Velocimacro : error using  VM library template VM_global_library.vm : org.apache.velocity.exception.ResourceNotFoundException: Unable to find resource 'VM_global_library.vm'
2016-06-23 13:14:19,777 - Velocimacro :  VM library template macro registration complete.
2016-06-23 13:14:19,777 - Velocimacro : allowInline = true : VMs can be defined inline in templates
2016-06-23 13:14:19,778 - Velocimacro : allowInlineToOverride = false : VMs defined inline may NOT replace previous VM definitions
2016-06-23 13:14:19,778 - Velocimacro : allowInlineLocal = false : VMs defined inline will be  global in scope if allowed.
2016-06-23 13:14:19,778 - Velocimacro : messages on  : VM system will output logging messages
2016-06-23 13:14:19,778 - Velocimacro : autoload off  : VM system will not automatically reload global library macros
2016-06-23 13:14:19,778 - Velocimacro : initialization complete.
2016-06-23 13:14:19,778 - Velocity successfully started.
2016-06-23 13:18:06,721 - SimpleLog4JLogSystem initialized using logfile 'velocity.log'
2016-06-23 13:18:06,721 - ************************************************************** 
2016-06-23 13:18:06,721 - Starting Jakarta Velocity v1.4
2016-06-23 13:18:06,721 - RuntimeInstance initializing.
2016-06-23 13:18:06,721 - Default Properties File: org\apache\velocity\runtime\defaults\velocity.properties
2016-06-23 13:18:06,721 - Trying to use logger class org.apache.velocity.runtime.log.SimpleLog4JLogSystem
2016-06-23 13:18:06,721 - Using logger class org.apache.velocity.runtime.log.SimpleLog4JLogSystem
2016-06-23 13:18:06,736 - Default ResourceManager initializing. (class org.apache.velocity.runtime.resource.ResourceManagerImpl)
2016-06-23 13:18:06,736 - Resource Loader Instantiated: org.apache.velocity.runtime.resource.loader.ClasspathResourceLoader
2016-06-23 13:18:06,736 - ClasspathResourceLoader : initialization starting.
2016-06-23 13:18:06,736 - ClasspathResourceLoader : initialization complete.
2016-06-23 13:18:06,736 - ResourceCache : initialized. (class org.apache.velocity.runtime.resource.ResourceCacheImpl)
2016-06-23 13:18:06,736 - Default ResourceManager initialization complete.
2016-06-23 13:18:06,752 - Loaded System Directive: org.apache.velocity.runtime.directive.Literal
2016-06-23 13:18:06,752 - Loaded System Directive: org.apache.velocity.runtime.directive.Macro
2016-06-23 13:18:06,767 - Loaded System Directive: org.apache.velocity.runtime.directive.Parse
2016-06-23 13:18:06,783 - Loaded System Directive: org.apache.velocity.runtime.directive.Include
2016-06-23 13:18:06,783 - Loaded System Directive: org.apache.velocity.runtime.directive.Foreach
2016-06-23 13:18:06,845 - Created: 20 parsers.
2016-06-23 13:18:06,877 - Velocimacro : initialization starting.
2016-06-23 13:18:06,877 - Velocimacro : adding VMs from VM library template : VM_global_library.vm
2016-06-23 13:18:06,892 - ResourceManager : unable to find resource 'VM_global_library.vm' in any resource loader.
2016-06-23 13:18:06,892 - Velocimacro : error using  VM library template VM_global_library.vm : org.apache.velocity.exception.ResourceNotFoundException: Unable to find resource 'VM_global_library.vm'
2016-06-23 13:18:06,892 - Velocimacro :  VM library template macro registration complete.
2016-06-23 13:18:06,892 - Velocimacro : allowInline = true : VMs can be defined inline in templates
2016-06-23 13:18:06,892 - Velocimacro : allowInlineToOverride = false : VMs defined inline may NOT replace previous VM definitions
2016-06-23 13:18:06,892 - Velocimacro : allowInlineLocal = false : VMs defined inline will be  global in scope if allowed.
2016-06-23 13:18:06,892 - Velocimacro : messages on  : VM system will output logging messages
2016-06-23 13:18:06,892 - Velocimacro : autoload off  : VM system will not automatically reload global library macros
2016-06-23 13:18:06,892 - Velocimacro : initialization complete.
2016-06-23 13:18:06,892 - Velocity successfully started.
2016-06-23 13:20:14,397 - SimpleLog4JLogSystem initialized using logfile 'velocity.log'
2016-06-23 13:20:14,397 - ************************************************************** 
2016-06-23 13:20:14,397 - Starting Jakarta Velocity v1.4
2016-06-23 13:20:14,397 - RuntimeInstance initializing.
2016-06-23 13:20:14,397 - Default Properties File: org\apache\velocity\runtime\defaults\velocity.properties
2016-06-23 13:20:14,397 - Trying to use logger class org.apache.velocity.runtime.log.SimpleLog4JLogSystem
2016-06-23 13:20:14,397 - Using logger class org.apache.velocity.runtime.log.SimpleLog4JLogSystem
2016-06-23 13:20:14,413 - Default ResourceManager initializing. (class org.apache.velocity.runtime.resource.ResourceManagerImpl)
2016-06-23 13:20:14,413 - Resource Loader Instantiated: org.apache.velocity.runtime.resource.loader.ClasspathResourceLoader
2016-06-23 13:20:14,413 - ClasspathResourceLoader : initialization starting.
2016-06-23 13:20:14,413 - ClasspathResourceLoader : initialization complete.
2016-06-23 13:20:14,413 - ResourceCache : initialized. (class org.apache.velocity.runtime.resource.ResourceCacheImpl)
2016-06-23 13:20:14,413 - Default ResourceManager initialization complete.
2016-06-23 13:20:14,413 - Loaded System Directive: org.apache.velocity.runtime.directive.Literal
2016-06-23 13:20:14,428 - Loaded System Directive: org.apache.velocity.runtime.directive.Macro
2016-06-23 13:20:14,428 - Loaded System Directive: org.apache.velocity.runtime.directive.Parse
2016-06-23 13:20:14,428 - Loaded System Directive: org.apache.velocity.runtime.directive.Include
2016-06-23 13:20:14,428 - Loaded System Directive: org.apache.velocity.runtime.directive.Foreach
2016-06-23 13:20:14,491 - Created: 20 parsers.
2016-06-23 13:20:14,506 - Velocimacro : initialization starting.
2016-06-23 13:20:14,506 - Velocimacro : adding VMs from VM library template : VM_global_library.vm
2016-06-23 13:20:14,522 - ResourceManager : unable to find resource 'VM_global_library.vm' in any resource loader.
2016-06-23 13:20:14,522 - Velocimacro : error using  VM library template VM_global_library.vm : org.apache.velocity.exception.ResourceNotFoundException: Unable to find resource 'VM_global_library.vm'
2016-06-23 13:20:14,522 - Velocimacro :  VM library template macro registration complete.
2016-06-23 13:20:14,522 - Velocimacro : allowInline = true : VMs can be defined inline in templates
2016-06-23 13:20:14,522 - Velocimacro : allowInlineToOverride = false : VMs defined inline may NOT replace previous VM definitions
2016-06-23 13:20:14,522 - Velocimacro : allowInlineLocal = false : VMs defined inline will be  global in scope if allowed.
2016-06-23 13:20:14,522 - Velocimacro : messages on  : VM system will output logging messages
2016-06-23 13:20:14,522 - Velocimacro : autoload off  : VM system will not automatically reload global library macros
2016-06-23 13:20:14,522 - Velocimacro : initialization complete.
2016-06-23 13:20:14,522 - Velocity successfully started.
2016-06-23 13:21:56,347 - SimpleLog4JLogSystem initialized using logfile 'velocity.log'
2016-06-23 13:21:56,348 - ************************************************************** 
2016-06-23 13:21:56,348 - Starting Jakarta Velocity v1.4
2016-06-23 13:21:56,348 - RuntimeInstance initializing.
2016-06-23 13:21:56,348 - Default Properties File: org\apache\velocity\runtime\defaults\velocity.properties
2016-06-23 13:21:56,348 - Trying to use logger class org.apache.velocity.runtime.log.SimpleLog4JLogSystem
2016-06-23 13:21:56,349 - Using logger class org.apache.velocity.runtime.log.SimpleLog4JLogSystem
2016-06-23 13:21:56,365 - Default ResourceManager initializing. (class org.apache.velocity.runtime.resource.ResourceManagerImpl)
2016-06-23 13:21:56,384 - Resource Loader Instantiated: org.apache.velocity.runtime.resource.loader.ClasspathResourceLoader
2016-06-23 13:21:56,384 - ClasspathResourceLoader : initialization starting.
2016-06-23 13:21:56,384 - ClasspathResourceLoader : initialization complete.
2016-06-23 13:21:56,394 - ResourceCache : initialized. (class org.apache.velocity.runtime.resource.ResourceCacheImpl)
2016-06-23 13:21:56,394 - Default ResourceManager initialization complete.
2016-06-23 13:21:56,403 - Loaded System Directive: org.apache.velocity.runtime.directive.Literal
2016-06-23 13:21:56,413 - Loaded System Directive: org.apache.velocity.runtime.directive.Macro
2016-06-23 13:21:56,431 - Loaded System Directive: org.apache.velocity.runtime.directive.Parse
2016-06-23 13:21:56,441 - Loaded System Directive: org.apache.velocity.runtime.directive.Include
2016-06-23 13:21:56,447 - Loaded System Directive: org.apache.velocity.runtime.directive.Foreach
2016-06-23 13:21:56,585 - Created: 20 parsers.
2016-06-23 13:21:56,639 - Velocimacro : initialization starting.
2016-06-23 13:21:56,639 - Velocimacro : adding VMs from VM library template : VM_global_library.vm
2016-06-23 13:21:56,667 - ResourceManager : unable to find resource 'VM_global_library.vm' in any resource loader.
2016-06-23 13:21:56,667 - Velocimacro : error using  VM library template VM_global_library.vm : org.apache.velocity.exception.ResourceNotFoundException: Unable to find resource 'VM_global_library.vm'
2016-06-23 13:21:56,668 - Velocimacro :  VM library template macro registration complete.
2016-06-23 13:21:56,668 - Velocimacro : allowInline = true : VMs can be defined inline in templates
2016-06-23 13:21:56,668 - Velocimacro : allowInlineToOverride = false : VMs defined inline may NOT replace previous VM definitions
2016-06-23 13:21:56,669 - Velocimacro : allowInlineLocal = false : VMs defined inline will be  global in scope if allowed.
2016-06-23 13:21:56,669 - Velocimacro : messages on  : VM system will output logging messages
2016-06-23 13:21:56,669 - Velocimacro : autoload off  : VM system will not automatically reload global library macros
2016-06-23 13:21:56,669 - Velocimacro : initialization complete.
2016-06-23 13:21:56,669 - Velocity successfully started.
2016-06-23 13:23:39,686 - SimpleLog4JLogSystem initialized using logfile 'velocity.log'
2016-06-23 13:23:39,686 - ************************************************************** 
2016-06-23 13:23:39,686 - Starting Jakarta Velocity v1.4
2016-06-23 13:23:39,686 - RuntimeInstance initializing.
2016-06-23 13:23:39,686 - Default Properties File: org\apache\velocity\runtime\defaults\velocity.properties
2016-06-23 13:23:39,686 - Trying to use logger class org.apache.velocity.runtime.log.SimpleLog4JLogSystem
2016-06-23 13:23:39,686 - Using logger class org.apache.velocity.runtime.log.SimpleLog4JLogSystem
2016-06-23 13:23:39,701 - Default ResourceManager initializing. (class org.apache.velocity.runtime.resource.ResourceManagerImpl)
2016-06-23 13:23:39,733 - Resource Loader Instantiated: org.apache.velocity.runtime.resource.loader.ClasspathResourceLoader
2016-06-23 13:23:39,733 - ClasspathResourceLoader : initialization starting.
2016-06-23 13:23:39,733 - ClasspathResourceLoader : initialization complete.
2016-06-23 13:23:39,748 - ResourceCache : initialized. (class org.apache.velocity.runtime.resource.ResourceCacheImpl)
2016-06-23 13:23:39,748 - Default ResourceManager initialization complete.
2016-06-23 13:23:39,764 - Loaded System Directive: org.apache.velocity.runtime.directive.Literal
2016-06-23 13:23:39,779 - Loaded System Directive: org.apache.velocity.runtime.directive.Macro
2016-06-23 13:23:39,795 - Loaded System Directive: org.apache.velocity.runtime.directive.Parse
2016-06-23 13:23:39,811 - Loaded System Directive: org.apache.velocity.runtime.directive.Include
2016-06-23 13:23:39,811 - Loaded System Directive: org.apache.velocity.runtime.directive.Foreach
2016-06-23 13:23:39,951 - Created: 20 parsers.
2016-06-23 13:23:40,029 - Velocimacro : initialization starting.
2016-06-23 13:23:40,029 - Velocimacro : adding VMs from VM library template : VM_global_library.vm
2016-06-23 13:23:40,045 - ResourceManager : unable to find resource 'VM_global_library.vm' in any resource loader.
2016-06-23 13:23:40,045 - Velocimacro : error using  VM library template VM_global_library.vm : org.apache.velocity.exception.ResourceNotFoundException: Unable to find resource 'VM_global_library.vm'
2016-06-23 13:23:40,045 - Velocimacro :  VM library template macro registration complete.
2016-06-23 13:23:40,045 - Velocimacro : allowInline = true : VMs can be defined inline in templates
2016-06-23 13:23:40,045 - Velocimacro : allowInlineToOverride = false : VMs defined inline may NOT replace previous VM definitions
2016-06-23 13:23:40,045 - Velocimacro : allowInlineLocal = false : VMs defined inline will be  global in scope if allowed.
2016-06-23 13:23:40,045 - Velocimacro : messages on  : VM system will output logging messages
2016-06-23 13:23:40,045 - Velocimacro : autoload off  : VM system will not automatically reload global library macros
2016-06-23 13:23:40,045 - Velocimacro : initialization complete.
2016-06-23 13:23:40,045 - Velocity successfully started.
2016-06-23 13:25:37,233 - SimpleLog4JLogSystem initialized using logfile 'velocity.log'
2016-06-23 13:25:37,234 - ************************************************************** 
2016-06-23 13:25:37,234 - Starting Jakarta Velocity v1.4
2016-06-23 13:25:37,234 - RuntimeInstance initializing.
2016-06-23 13:25:37,234 - Default Properties File: org\apache\velocity\runtime\defaults\velocity.properties
2016-06-23 13:25:37,234 - Trying to use logger class org.apache.velocity.runtime.log.SimpleLog4JLogSystem
2016-06-23 13:25:37,234 - Using logger class org.apache.velocity.runtime.log.SimpleLog4JLogSystem
2016-06-23 13:25:37,240 - Default ResourceManager initializing. (class org.apache.velocity.runtime.resource.ResourceManagerImpl)
2016-06-23 13:25:37,246 - Resource Loader Instantiated: org.apache.velocity.runtime.resource.loader.ClasspathResourceLoader
2016-06-23 13:25:37,246 - ClasspathResourceLoader : initialization starting.
2016-06-23 13:25:37,246 - ClasspathResourceLoader : initialization complete.
2016-06-23 13:25:37,250 - ResourceCache : initialized. (class org.apache.velocity.runtime.resource.ResourceCacheImpl)
2016-06-23 13:25:37,250 - Default ResourceManager initialization complete.
2016-06-23 13:25:37,253 - Loaded System Directive: org.apache.velocity.runtime.directive.Literal
2016-06-23 13:25:37,257 - Loaded System Directive: org.apache.velocity.runtime.directive.Macro
2016-06-23 13:25:37,262 - Loaded System Directive: org.apache.velocity.runtime.directive.Parse
2016-06-23 13:25:37,265 - Loaded System Directive: org.apache.velocity.runtime.directive.Include
2016-06-23 13:25:37,267 - Loaded System Directive: org.apache.velocity.runtime.directive.Foreach
2016-06-23 13:25:37,315 - Created: 20 parsers.
2016-06-23 13:25:37,333 - Velocimacro : initialization starting.
2016-06-23 13:25:37,333 - Velocimacro : adding VMs from VM library template : VM_global_library.vm
2016-06-23 13:25:37,343 - ResourceManager : unable to find resource 'VM_global_library.vm' in any resource loader.
2016-06-23 13:25:37,343 - Velocimacro : error using  VM library template VM_global_library.vm : org.apache.velocity.exception.ResourceNotFoundException: Unable to find resource 'VM_global_library.vm'
2016-06-23 13:25:37,343 - Velocimacro :  VM library template macro registration complete.
2016-06-23 13:25:37,343 - Velocimacro : allowInline = true : VMs can be defined inline in templates
2016-06-23 13:25:37,344 - Velocimacro : allowInlineToOverride = false : VMs defined inline may NOT replace previous VM definitions
2016-06-23 13:25:37,344 - Velocimacro : allowInlineLocal = false : VMs defined inline will be  global in scope if allowed.
2016-06-23 13:25:37,344 - Velocimacro : messages on  : VM system will output logging messages
2016-06-23 13:25:37,344 - Velocimacro : autoload off  : VM system will not automatically reload global library macros
2016-06-23 13:25:37,344 - Velocimacro : initialization complete.
2016-06-23 13:25:37,344 - Velocity successfully started.
2016-06-23 13:29:12,186 - SimpleLog4JLogSystem initialized using logfile 'velocity.log'
2016-06-23 13:29:12,186 - ************************************************************** 
2016-06-23 13:29:12,186 - Starting Jakarta Velocity v1.4
2016-06-23 13:29:12,186 - RuntimeInstance initializing.
2016-06-23 13:29:12,186 - Default Properties File: org\apache\velocity\runtime\defaults\velocity.properties
2016-06-23 13:29:12,186 - Trying to use logger class org.apache.velocity.runtime.log.SimpleLog4JLogSystem
2016-06-23 13:29:12,186 - Using logger class org.apache.velocity.runtime.log.SimpleLog4JLogSystem
2016-06-23 13:29:12,186 - Default ResourceManager initializing. (class org.apache.velocity.runtime.resource.ResourceManagerImpl)
2016-06-23 13:29:12,201 - Resource Loader Instantiated: org.apache.velocity.runtime.resource.loader.ClasspathResourceLoader
2016-06-23 13:29:12,201 - ClasspathResourceLoader : initialization starting.
2016-06-23 13:29:12,201 - ClasspathResourceLoader : initialization complete.
2016-06-23 13:29:12,201 - ResourceCache : initialized. (class org.apache.velocity.runtime.resource.ResourceCacheImpl)
2016-06-23 13:29:12,201 - Default ResourceManager initialization complete.
2016-06-23 13:29:12,201 - Loaded System Directive: org.apache.velocity.runtime.directive.Literal
2016-06-23 13:29:12,201 - Loaded System Directive: org.apache.velocity.runtime.directive.Macro
2016-06-23 13:29:12,217 - Loaded System Directive: org.apache.velocity.runtime.directive.Parse
2016-06-23 13:29:12,217 - Loaded System Directive: org.apache.velocity.runtime.directive.Include
2016-06-23 13:29:12,217 - Loaded System Directive: org.apache.velocity.runtime.directive.Foreach
2016-06-23 13:29:12,295 - Created: 20 parsers.
2016-06-23 13:29:12,326 - Velocimacro : initialization starting.
2016-06-23 13:29:12,326 - Velocimacro : adding VMs from VM library template : VM_global_library.vm
2016-06-23 13:29:12,342 - ResourceManager : unable to find resource 'VM_global_library.vm' in any resource loader.
2016-06-23 13:29:12,342 - Velocimacro : error using  VM library template VM_global_library.vm : org.apache.velocity.exception.ResourceNotFoundException: Unable to find resource 'VM_global_library.vm'
2016-06-23 13:29:12,342 - Velocimacro :  VM library template macro registration complete.
2016-06-23 13:29:12,342 - Velocimacro : allowInline = true : VMs can be defined inline in templates
2016-06-23 13:29:12,342 - Velocimacro : allowInlineToOverride = false : VMs defined inline may NOT replace previous VM definitions
2016-06-23 13:29:12,342 - Velocimacro : allowInlineLocal = false : VMs defined inline will be  global in scope if allowed.
2016-06-23 13:29:12,342 - Velocimacro : messages on  : VM system will output logging messages
2016-06-23 13:29:12,342 - Velocimacro : autoload off  : VM system will not automatically reload global library macros
2016-06-23 13:29:12,342 - Velocimacro : initialization complete.
2016-06-23 13:29:12,342 - Velocity successfully started.
2016-06-23 13:38:47,698 - SimpleLog4JLogSystem initialized using logfile 'velocity.log'
2016-06-23 13:38:47,698 - ************************************************************** 
2016-06-23 13:38:47,698 - Starting Jakarta Velocity v1.4
2016-06-23 13:38:47,698 - RuntimeInstance initializing.
2016-06-23 13:38:47,698 - Default Properties File: org\apache\velocity\runtime\defaults\velocity.properties
2016-06-23 13:38:47,698 - Trying to use logger class org.apache.velocity.runtime.log.SimpleLog4JLogSystem
2016-06-23 13:38:47,698 - Using logger class org.apache.velocity.runtime.log.SimpleLog4JLogSystem
2016-06-23 13:38:47,708 - Default ResourceManager initializing. (class org.apache.velocity.runtime.resource.ResourceManagerImpl)
2016-06-23 13:38:47,718 - Resource Loader Instantiated: org.apache.velocity.runtime.resource.loader.ClasspathResourceLoader
2016-06-23 13:38:47,718 - ClasspathResourceLoader : initialization starting.
2016-06-23 13:38:47,718 - ClasspathResourceLoader : initialization complete.
2016-06-23 13:38:47,718 - ResourceCache : initialized. (class org.apache.velocity.runtime.resource.ResourceCacheImpl)
2016-06-23 13:38:47,718 - Default ResourceManager initialization complete.
2016-06-23 13:38:47,728 - Loaded System Directive: org.apache.velocity.runtime.directive.Literal
2016-06-23 13:38:47,728 - Loaded System Directive: org.apache.velocity.runtime.directive.Macro
2016-06-23 13:38:47,738 - Loaded System Directive: org.apache.velocity.runtime.directive.Parse
2016-06-23 13:38:47,748 - Loaded System Directive: org.apache.velocity.runtime.directive.Include
2016-06-23 13:38:47,748 - Loaded System Directive: org.apache.velocity.runtime.directive.Foreach
2016-06-23 13:38:47,818 - Created: 20 parsers.
2016-06-23 13:38:47,838 - Velocimacro : initialization starting.
2016-06-23 13:38:47,838 - Velocimacro : adding VMs from VM library template : VM_global_library.vm
2016-06-23 13:38:47,848 - ResourceManager : unable to find resource 'VM_global_library.vm' in any resource loader.
2016-06-23 13:38:47,848 - Velocimacro : error using  VM library template VM_global_library.vm : org.apache.velocity.exception.ResourceNotFoundException: Unable to find resource 'VM_global_library.vm'
2016-06-23 13:38:47,848 - Velocimacro :  VM library template macro registration complete.
2016-06-23 13:38:47,848 - Velocimacro : allowInline = true : VMs can be defined inline in templates
2016-06-23 13:38:47,848 - Velocimacro : allowInlineToOverride = false : VMs defined inline may NOT replace previous VM definitions
2016-06-23 13:38:47,848 - Velocimacro : allowInlineLocal = false : VMs defined inline will be  global in scope if allowed.
2016-06-23 13:38:47,848 - Velocimacro : messages on  : VM system will output logging messages
2016-06-23 13:38:47,848 - Velocimacro : autoload off  : VM system will not automatically reload global library macros
2016-06-23 13:38:47,848 - Velocimacro : initialization complete.
2016-06-23 13:38:47,848 - Velocity successfully started.
2016-06-23 13:40:35,981 - SimpleLog4JLogSystem initialized using logfile 'velocity.log'
2016-06-23 13:40:35,981 - ************************************************************** 
2016-06-23 13:40:35,982 - Starting Jakarta Velocity v1.4
2016-06-23 13:40:35,982 - RuntimeInstance initializing.
2016-06-23 13:40:35,982 - Default Properties File: org\apache\velocity\runtime\defaults\velocity.properties
2016-06-23 13:40:35,982 - Trying to use logger class org.apache.velocity.runtime.log.SimpleLog4JLogSystem
2016-06-23 13:40:35,982 - Using logger class org.apache.velocity.runtime.log.SimpleLog4JLogSystem
2016-06-23 13:40:35,991 - Default ResourceManager initializing. (class org.apache.velocity.runtime.resource.ResourceManagerImpl)
2016-06-23 13:40:35,999 - Resource Loader Instantiated: org.apache.velocity.runtime.resource.loader.ClasspathResourceLoader
2016-06-23 13:40:35,999 - ClasspathResourceLoader : initialization starting.
2016-06-23 13:40:35,999 - ClasspathResourceLoader : initialization complete.
2016-06-23 13:40:36,004 - ResourceCache : initialized. (class org.apache.velocity.runtime.resource.ResourceCacheImpl)
2016-06-23 13:40:36,005 - Default ResourceManager initialization complete.
2016-06-23 13:40:36,010 - Loaded System Directive: org.apache.velocity.runtime.directive.Literal
2016-06-23 13:40:36,015 - Loaded System Directive: org.apache.velocity.runtime.directive.Macro
2016-06-23 13:40:36,026 - Loaded System Directive: org.apache.velocity.runtime.directive.Parse
2016-06-23 13:40:36,032 - Loaded System Directive: org.apache.velocity.runtime.directive.Include
2016-06-23 13:40:36,035 - Loaded System Directive: org.apache.velocity.runtime.directive.Foreach
2016-06-23 13:40:36,113 - Created: 20 parsers.
2016-06-23 13:40:36,155 - Velocimacro : initialization starting.
2016-06-23 13:40:36,155 - Velocimacro : adding VMs from VM library template : VM_global_library.vm
2016-06-23 13:40:36,171 - ResourceManager : unable to find resource 'VM_global_library.vm' in any resource loader.
2016-06-23 13:40:36,171 - Velocimacro : error using  VM library template VM_global_library.vm : org.apache.velocity.exception.ResourceNotFoundException: Unable to find resource 'VM_global_library.vm'
2016-06-23 13:40:36,171 - Velocimacro :  VM library template macro registration complete.
2016-06-23 13:40:36,172 - Velocimacro : allowInline = true : VMs can be defined inline in templates
2016-06-23 13:40:36,172 - Velocimacro : allowInlineToOverride = false : VMs defined inline may NOT replace previous VM definitions
2016-06-23 13:40:36,172 - Velocimacro : allowInlineLocal = false : VMs defined inline will be  global in scope if allowed.
2016-06-23 13:40:36,172 - Velocimacro : messages on  : VM system will output logging messages
2016-06-23 13:40:36,172 - Velocimacro : autoload off  : VM system will not automatically reload global library macros
2016-06-23 13:40:36,172 - Velocimacro : initialization complete.
2016-06-23 13:40:36,172 - Velocity successfully started.
2016-06-23 13:49:46,680 - SimpleLog4JLogSystem initialized using logfile 'velocity.log'
2016-06-23 13:49:46,680 - ************************************************************** 
2016-06-23 13:49:46,680 - Starting Jakarta Velocity v1.4
2016-06-23 13:49:46,680 - RuntimeInstance initializing.
2016-06-23 13:49:46,680 - Default Properties File: org\apache\velocity\runtime\defaults\velocity.properties
2016-06-23 13:49:46,680 - Trying to use logger class org.apache.velocity.runtime.log.SimpleLog4JLogSystem
2016-06-23 13:49:46,680 - Using logger class org.apache.velocity.runtime.log.SimpleLog4JLogSystem
2016-06-23 13:49:46,696 - Default ResourceManager initializing. (class org.apache.velocity.runtime.resource.ResourceManagerImpl)
2016-06-23 13:49:46,696 - Resource Loader Instantiated: org.apache.velocity.runtime.resource.loader.ClasspathResourceLoader
2016-06-23 13:49:46,696 - ClasspathResourceLoader : initialization starting.
2016-06-23 13:49:46,696 - ClasspathResourceLoader : initialization complete.
2016-06-23 13:49:46,696 - ResourceCache : initialized. (class org.apache.velocity.runtime.resource.ResourceCacheImpl)
2016-06-23 13:49:46,696 - Default ResourceManager initialization complete.
2016-06-23 13:49:46,711 - Loaded System Directive: org.apache.velocity.runtime.directive.Literal
2016-06-23 13:49:46,711 - Loaded System Directive: org.apache.velocity.runtime.directive.Macro
2016-06-23 13:49:46,711 - Loaded System Directive: org.apache.velocity.runtime.directive.Parse
2016-06-23 13:49:46,711 - Loaded System Directive: org.apache.velocity.runtime.directive.Include
2016-06-23 13:49:46,711 - Loaded System Directive: org.apache.velocity.runtime.directive.Foreach
2016-06-23 13:49:46,758 - Created: 20 parsers.
2016-06-23 13:49:46,774 - Velocimacro : initialization starting.
2016-06-23 13:49:46,774 - Velocimacro : adding VMs from VM library template : VM_global_library.vm
2016-06-23 13:49:46,789 - ResourceManager : unable to find resource 'VM_global_library.vm' in any resource loader.
2016-06-23 13:49:46,789 - Velocimacro : error using  VM library template VM_global_library.vm : org.apache.velocity.exception.ResourceNotFoundException: Unable to find resource 'VM_global_library.vm'
2016-06-23 13:49:46,789 - Velocimacro :  VM library template macro registration complete.
2016-06-23 13:49:46,789 - Velocimacro : allowInline = true : VMs can be defined inline in templates
2016-06-23 13:49:46,789 - Velocimacro : allowInlineToOverride = false : VMs defined inline may NOT replace previous VM definitions
2016-06-23 13:49:46,789 - Velocimacro : allowInlineLocal = false : VMs defined inline will be  global in scope if allowed.
2016-06-23 13:49:46,789 - Velocimacro : messages on  : VM system will output logging messages
2016-06-23 13:49:46,789 - Velocimacro : autoload off  : VM system will not automatically reload global library macros
2016-06-23 13:49:46,789 - Velocimacro : initialization complete.
2016-06-23 13:49:46,789 - Velocity successfully started.
2016-06-24 09:54:20,630 - SimpleLog4JLogSystem initialized using logfile 'velocity.log'
2016-06-24 09:54:20,632 - ************************************************************** 
2016-06-24 09:54:20,632 - Starting Jakarta Velocity v1.4
2016-06-24 09:54:20,632 - RuntimeInstance initializing.
2016-06-24 09:54:20,632 - Default Properties File: org\apache\velocity\runtime\defaults\velocity.properties
2016-06-24 09:54:20,632 - Trying to use logger class org.apache.velocity.runtime.log.SimpleLog4JLogSystem
2016-06-24 09:54:20,632 - Using logger class org.apache.velocity.runtime.log.SimpleLog4JLogSystem
2016-06-24 09:54:20,653 - Default ResourceManager initializing. (class org.apache.velocity.runtime.resource.ResourceManagerImpl)
2016-06-24 09:54:20,683 - Resource Loader Instantiated: org.apache.velocity.runtime.resource.loader.ClasspathResourceLoader
2016-06-24 09:54:20,684 - ClasspathResourceLoader : initialization starting.
2016-06-24 09:54:20,684 - ClasspathResourceLoader : initialization complete.
2016-06-24 09:54:20,696 - ResourceCache : initialized. (class org.apache.velocity.runtime.resource.ResourceCacheImpl)
2016-06-24 09:54:20,696 - Default ResourceManager initialization complete.
2016-06-24 09:54:20,708 - Loaded System Directive: org.apache.velocity.runtime.directive.Literal
2016-06-24 09:54:20,723 - Loaded System Directive: org.apache.velocity.runtime.directive.Macro
2016-06-24 09:54:20,741 - Loaded System Directive: org.apache.velocity.runtime.directive.Parse
2016-06-24 09:54:20,754 - Loaded System Directive: org.apache.velocity.runtime.directive.Include
2016-06-24 09:54:20,759 - Loaded System Directive: org.apache.velocity.runtime.directive.Foreach
2016-06-24 09:54:20,929 - Created: 20 parsers.
2016-06-24 09:54:21,005 - Velocimacro : initialization starting.
2016-06-24 09:54:21,005 - Velocimacro : adding VMs from VM library template : VM_global_library.vm
2016-06-24 09:54:21,038 - ResourceManager : unable to find resource 'VM_global_library.vm' in any resource loader.
2016-06-24 09:54:21,039 - Velocimacro : error using  VM library template VM_global_library.vm : org.apache.velocity.exception.ResourceNotFoundException: Unable to find resource 'VM_global_library.vm'
2016-06-24 09:54:21,039 - Velocimacro :  VM library template macro registration complete.
2016-06-24 09:54:21,039 - Velocimacro : allowInline = true : VMs can be defined inline in templates
2016-06-24 09:54:21,039 - Velocimacro : allowInlineToOverride = false : VMs defined inline may NOT replace previous VM definitions
2016-06-24 09:54:21,039 - Velocimacro : allowInlineLocal = false : VMs defined inline will be  global in scope if allowed.
2016-06-24 09:54:21,039 - Velocimacro : messages on  : VM system will output logging messages
2016-06-24 09:54:21,040 - Velocimacro : autoload off  : VM system will not automatically reload global library macros
2016-06-24 09:54:21,040 - Velocimacro : initialization complete.
2016-06-24 09:54:21,040 - Velocity successfully started.
2016-06-24 10:14:35,956 - SimpleLog4JLogSystem initialized using logfile 'velocity.log'
2016-06-24 10:14:35,957 - ************************************************************** 
2016-06-24 10:14:35,957 - Starting Jakarta Velocity v1.4
2016-06-24 10:14:35,957 - RuntimeInstance initializing.
2016-06-24 10:14:35,957 - Default Properties File: org\apache\velocity\runtime\defaults\velocity.properties
2016-06-24 10:14:35,957 - Trying to use logger class org.apache.velocity.runtime.log.SimpleLog4JLogSystem
2016-06-24 10:14:35,958 - Using logger class org.apache.velocity.runtime.log.SimpleLog4JLogSystem
2016-06-24 10:14:35,968 - Default ResourceManager initializing. (class org.apache.velocity.runtime.resource.ResourceManagerImpl)
2016-06-24 10:14:35,980 - Resource Loader Instantiated: org.apache.velocity.runtime.resource.loader.ClasspathResourceLoader
2016-06-24 10:14:35,981 - ClasspathResourceLoader : initialization starting.
2016-06-24 10:14:35,981 - ClasspathResourceLoader : initialization complete.
2016-06-24 10:14:35,987 - ResourceCache : initialized. (class org.apache.velocity.runtime.resource.ResourceCacheImpl)
2016-06-24 10:14:35,987 - Default ResourceManager initialization complete.
2016-06-24 10:14:35,994 - Loaded System Directive: org.apache.velocity.runtime.directive.Literal
2016-06-24 10:14:36,001 - Loaded System Directive: org.apache.velocity.runtime.directive.Macro
2016-06-24 10:14:36,011 - Loaded System Directive: org.apache.velocity.runtime.directive.Parse
2016-06-24 10:14:36,019 - Loaded System Directive: org.apache.velocity.runtime.directive.Include
2016-06-24 10:14:36,022 - Loaded System Directive: org.apache.velocity.runtime.directive.Foreach
2016-06-24 10:14:36,135 - Created: 20 parsers.
2016-06-24 10:14:36,172 - Velocimacro : initialization starting.
2016-06-24 10:14:36,172 - Velocimacro : adding VMs from VM library template : VM_global_library.vm
2016-06-24 10:14:36,192 - ResourceManager : unable to find resource 'VM_global_library.vm' in any resource loader.
2016-06-24 10:14:36,193 - Velocimacro : error using  VM library template VM_global_library.vm : org.apache.velocity.exception.ResourceNotFoundException: Unable to find resource 'VM_global_library.vm'
2016-06-24 10:14:36,193 - Velocimacro :  VM library template macro registration complete.
2016-06-24 10:14:36,193 - Velocimacro : allowInline = true : VMs can be defined inline in templates
2016-06-24 10:14:36,193 - Velocimacro : allowInlineToOverride = false : VMs defined inline may NOT replace previous VM definitions
2016-06-24 10:14:36,193 - Velocimacro : allowInlineLocal = false : VMs defined inline will be  global in scope if allowed.
2016-06-24 10:14:36,193 - Velocimacro : messages on  : VM system will output logging messages
2016-06-24 10:14:36,193 - Velocimacro : autoload off  : VM system will not automatically reload global library macros
2016-06-24 10:14:36,194 - Velocimacro : initialization complete.
2016-06-24 10:14:36,194 - Velocity successfully started.
2016-06-24 10:15:58,282 - SimpleLog4JLogSystem initialized using logfile 'velocity.log'
2016-06-24 10:15:58,283 - ************************************************************** 
2016-06-24 10:15:58,283 - Starting Jakarta Velocity v1.4
2016-06-24 10:15:58,283 - RuntimeInstance initializing.
2016-06-24 10:15:58,284 - Default Properties File: org\apache\velocity\runtime\defaults\velocity.properties
2016-06-24 10:15:58,284 - Trying to use logger class org.apache.velocity.runtime.log.SimpleLog4JLogSystem
2016-06-24 10:15:58,284 - Using logger class org.apache.velocity.runtime.log.SimpleLog4JLogSystem
2016-06-24 10:15:58,298 - Default ResourceManager initializing. (class org.apache.velocity.runtime.resource.ResourceManagerImpl)
2016-06-24 10:15:58,310 - Resource Loader Instantiated: org.apache.velocity.runtime.resource.loader.ClasspathResourceLoader
2016-06-24 10:15:58,310 - ClasspathResourceLoader : initialization starting.
2016-06-24 10:15:58,310 - ClasspathResourceLoader : initialization complete.
2016-06-24 10:15:58,317 - ResourceCache : initialized. (class org.apache.velocity.runtime.resource.ResourceCacheImpl)
2016-06-24 10:15:58,317 - Default ResourceManager initialization complete.
2016-06-24 10:15:58,325 - Loaded System Directive: org.apache.velocity.runtime.directive.Literal
2016-06-24 10:15:58,334 - Loaded System Directive: org.apache.velocity.runtime.directive.Macro
2016-06-24 10:15:58,377 - Loaded System Directive: org.apache.velocity.runtime.directive.Parse
2016-06-24 10:15:58,393 - Loaded System Directive: org.apache.velocity.runtime.directive.Include
2016-06-24 10:15:58,402 - Loaded System Directive: org.apache.velocity.runtime.directive.Foreach
2016-06-24 10:15:58,542 - Created: 20 parsers.
2016-06-24 10:15:58,602 - Velocimacro : initialization starting.
2016-06-24 10:15:58,602 - Velocimacro : adding VMs from VM library template : VM_global_library.vm
2016-06-24 10:15:58,636 - ResourceManager : unable to find resource 'VM_global_library.vm' in any resource loader.
2016-06-24 10:15:58,636 - Velocimacro : error using  VM library template VM_global_library.vm : org.apache.velocity.exception.ResourceNotFoundException: Unable to find resource 'VM_global_library.vm'
2016-06-24 10:15:58,636 - Velocimacro :  VM library template macro registration complete.
2016-06-24 10:15:58,636 - Velocimacro : allowInline = true : VMs can be defined inline in templates
2016-06-24 10:15:58,637 - Velocimacro : allowInlineToOverride = false : VMs defined inline may NOT replace previous VM definitions
2016-06-24 10:15:58,637 - Velocimacro : allowInlineLocal = false : VMs defined inline will be  global in scope if allowed.
2016-06-24 10:15:58,637 - Velocimacro : messages on  : VM system will output logging messages
2016-06-24 10:15:58,637 - Velocimacro : autoload off  : VM system will not automatically reload global library macros
2016-06-24 10:15:58,637 - Velocimacro : initialization complete.
2016-06-24 10:15:58,637 - Velocity successfully started.
2016-06-24 10:26:34,824 - SimpleLog4JLogSystem initialized using logfile 'velocity.log'
2016-06-24 10:26:34,825 - ************************************************************** 
2016-06-24 10:26:34,825 - Starting Jakarta Velocity v1.4
2016-06-24 10:26:34,825 - RuntimeInstance initializing.
2016-06-24 10:26:34,825 - Default Properties File: org\apache\velocity\runtime\defaults\velocity.properties
2016-06-24 10:26:34,825 - Trying to use logger class org.apache.velocity.runtime.log.SimpleLog4JLogSystem
2016-06-24 10:26:34,825 - Using logger class org.apache.velocity.runtime.log.SimpleLog4JLogSystem
2016-06-24 10:26:34,840 - Default ResourceManager initializing. (class org.apache.velocity.runtime.resource.ResourceManagerImpl)
2016-06-24 10:26:34,855 - Resource Loader Instantiated: org.apache.velocity.runtime.resource.loader.ClasspathResourceLoader
2016-06-24 10:26:34,855 - ClasspathResourceLoader : initialization starting.
2016-06-24 10:26:34,855 - ClasspathResourceLoader : initialization complete.
2016-06-24 10:26:34,863 - ResourceCache : initialized. (class org.apache.velocity.runtime.resource.ResourceCacheImpl)
2016-06-24 10:26:34,863 - Default ResourceManager initialization complete.
2016-06-24 10:26:34,873 - Loaded System Directive: org.apache.velocity.runtime.directive.Literal
2016-06-24 10:26:34,882 - Loaded System Directive: org.apache.velocity.runtime.directive.Macro
2016-06-24 10:26:34,896 - Loaded System Directive: org.apache.velocity.runtime.directive.Parse
2016-06-24 10:26:34,905 - Loaded System Directive: org.apache.velocity.runtime.directive.Include
2016-06-24 10:26:34,909 - Loaded System Directive: org.apache.velocity.runtime.directive.Foreach
2016-06-24 10:26:35,018 - Created: 20 parsers.
2016-06-24 10:26:35,066 - Velocimacro : initialization starting.
2016-06-24 10:26:35,066 - Velocimacro : adding VMs from VM library template : VM_global_library.vm
2016-06-24 10:26:35,091 - ResourceManager : unable to find resource 'VM_global_library.vm' in any resource loader.
2016-06-24 10:26:35,092 - Velocimacro : error using  VM library template VM_global_library.vm : org.apache.velocity.exception.ResourceNotFoundException: Unable to find resource 'VM_global_library.vm'
2016-06-24 10:26:35,092 - Velocimacro :  VM library template macro registration complete.
2016-06-24 10:26:35,092 - Velocimacro : allowInline = true : VMs can be defined inline in templates
2016-06-24 10:26:35,092 - Velocimacro : allowInlineToOverride = false : VMs defined inline may NOT replace previous VM definitions
2016-06-24 10:26:35,092 - Velocimacro : allowInlineLocal = false : VMs defined inline will be  global in scope if allowed.
2016-06-24 10:26:35,092 - Velocimacro : messages on  : VM system will output logging messages
2016-06-24 10:26:35,093 - Velocimacro : autoload off  : VM system will not automatically reload global library macros
2016-06-24 10:26:35,093 - Velocimacro : initialization complete.
2016-06-24 10:26:35,093 - Velocity successfully started.
2016-06-24 15:36:04,502 - SimpleLog4JLogSystem initialized using logfile 'velocity.log'
2016-06-24 15:36:04,502 - ************************************************************** 
2016-06-24 15:36:04,502 - Starting Jakarta Velocity v1.4
2016-06-24 15:36:04,502 - RuntimeInstance initializing.
2016-06-24 15:36:04,502 - Default Properties File: org\apache\velocity\runtime\defaults\velocity.properties
2016-06-24 15:36:04,502 - Trying to use logger class org.apache.velocity.runtime.log.SimpleLog4JLogSystem
2016-06-24 15:36:04,502 - Using logger class org.apache.velocity.runtime.log.SimpleLog4JLogSystem
2016-06-24 15:36:04,502 - Default ResourceManager initializing. (class org.apache.velocity.runtime.resource.ResourceManagerImpl)
2016-06-24 15:36:04,517 - Resource Loader Instantiated: org.apache.velocity.runtime.resource.loader.ClasspathResourceLoader
2016-06-24 15:36:04,517 - ClasspathResourceLoader : initialization starting.
2016-06-24 15:36:04,517 - ClasspathResourceLoader : initialization complete.
2016-06-24 15:36:04,517 - ResourceCache : initialized. (class org.apache.velocity.runtime.resource.ResourceCacheImpl)
2016-06-24 15:36:04,517 - Default ResourceManager initialization complete.
2016-06-24 15:36:04,517 - Loaded System Directive: org.apache.velocity.runtime.directive.Literal
2016-06-24 15:36:04,533 - Loaded System Directive: org.apache.velocity.runtime.directive.Macro
2016-06-24 15:36:04,533 - Loaded System Directive: org.apache.velocity.runtime.directive.Parse
2016-06-24 15:36:04,533 - Loaded System Directive: org.apache.velocity.runtime.directive.Include
2016-06-24 15:36:04,533 - Loaded System Directive: org.apache.velocity.runtime.directive.Foreach
2016-06-24 15:36:04,580 - Created: 20 parsers.
2016-06-24 15:36:04,611 - Velocimacro : initialization starting.
2016-06-24 15:36:04,611 - Velocimacro : adding VMs from VM library template : VM_global_library.vm
2016-06-24 15:36:04,611 - ResourceManager : unable to find resource 'VM_global_library.vm' in any resource loader.
2016-06-24 15:36:04,611 - Velocimacro : error using  VM library template VM_global_library.vm : org.apache.velocity.exception.ResourceNotFoundException: Unable to find resource 'VM_global_library.vm'
2016-06-24 15:36:04,611 - Velocimacro :  VM library template macro registration complete.
2016-06-24 15:36:04,611 - Velocimacro : allowInline = true : VMs can be defined inline in templates
2016-06-24 15:36:04,611 - Velocimacro : allowInlineToOverride = false : VMs defined inline may NOT replace previous VM definitions
2016-06-24 15:36:04,611 - Velocimacro : allowInlineLocal = false : VMs defined inline will be  global in scope if allowed.
2016-06-24 15:36:04,611 - Velocimacro : messages on  : VM system will output logging messages
2016-06-24 15:36:04,611 - Velocimacro : autoload off  : VM system will not automatically reload global library macros
2016-06-24 15:36:04,611 - Velocimacro : initialization complete.
2016-06-24 15:36:04,611 - Velocity successfully started.
2016-06-29 10:28:40,511 - SimpleLog4JLogSystem initialized using logfile 'velocity.log'
2016-06-29 10:28:40,511 - ************************************************************** 
2016-06-29 10:28:40,511 - Starting Jakarta Velocity v1.4
2016-06-29 10:28:40,511 - RuntimeInstance initializing.
2016-06-29 10:28:40,511 - Default Properties File: org\apache\velocity\runtime\defaults\velocity.properties
2016-06-29 10:28:40,511 - Trying to use logger class org.apache.velocity.runtime.log.SimpleLog4JLogSystem
2016-06-29 10:28:40,511 - Using logger class org.apache.velocity.runtime.log.SimpleLog4JLogSystem
2016-06-29 10:28:40,526 - Default ResourceManager initializing. (class org.apache.velocity.runtime.resource.ResourceManagerImpl)
2016-06-29 10:28:40,526 - Resource Loader Instantiated: org.apache.velocity.runtime.resource.loader.ClasspathResourceLoader
2016-06-29 10:28:40,526 - ClasspathResourceLoader : initialization starting.
2016-06-29 10:28:40,526 - ClasspathResourceLoader : initialization complete.
2016-06-29 10:28:40,542 - ResourceCache : initialized. (class org.apache.velocity.runtime.resource.ResourceCacheImpl)
2016-06-29 10:28:40,542 - Default ResourceManager initialization complete.
2016-06-29 10:28:40,542 - Loaded System Directive: org.apache.velocity.runtime.directive.Literal
2016-06-29 10:28:40,542 - Loaded System Directive: org.apache.velocity.runtime.directive.Macro
2016-06-29 10:28:40,542 - Loaded System Directive: org.apache.velocity.runtime.directive.Parse
2016-06-29 10:28:40,557 - Loaded System Directive: org.apache.velocity.runtime.directive.Include
2016-06-29 10:28:40,557 - Loaded System Directive: org.apache.velocity.runtime.directive.Foreach
2016-06-29 10:28:40,604 - Created: 20 parsers.
2016-06-29 10:28:40,620 - Velocimacro : initialization starting.
2016-06-29 10:28:40,620 - Velocimacro : adding VMs from VM library template : VM_global_library.vm
2016-06-29 10:28:40,620 - ResourceManager : unable to find resource 'VM_global_library.vm' in any resource loader.
2016-06-29 10:28:40,620 - Velocimacro : error using  VM library template VM_global_library.vm : org.apache.velocity.exception.ResourceNotFoundException: Unable to find resource 'VM_global_library.vm'
2016-06-29 10:28:40,620 - Velocimacro :  VM library template macro registration complete.
2016-06-29 10:28:40,620 - Velocimacro : allowInline = true : VMs can be defined inline in templates
2016-06-29 10:28:40,620 - Velocimacro : allowInlineToOverride = false : VMs defined inline may NOT replace previous VM definitions
2016-06-29 10:28:40,620 - Velocimacro : allowInlineLocal = false : VMs defined inline will be  global in scope if allowed.
2016-06-29 10:28:40,620 - Velocimacro : messages on  : VM system will output logging messages
2016-06-29 10:28:40,620 - Velocimacro : autoload off  : VM system will not automatically reload global library macros
2016-06-29 10:28:40,620 - Velocimacro : initialization complete.
2016-06-29 10:28:40,620 - Velocity successfully started.
